<?xml version="1.0" encoding="UTF-8"?>
<testsuite name="com.example.task03.Tests" tests="3" skipped="0" failures="0" errors="0" timestamp="2020-12-27T00:31:57" hostname="DESKTOP-UF4O55G" time="0.073">
  <properties/>
  <testcase name="testExample" classname="com.example.task03.Tests" time="0.065"/>
  <testcase name="testNull" classname="com.example.task03.Tests" time="0.0"/>
  <testcase name="test" classname="com.example.task03.Tests" time="0.007"/>
  <system-out><![CDATA[]]></system-out>
  <system-err><![CDATA[]]></system-err>
</testsuite>
