<?xml version="1.0" encoding="UTF-8"?>
<testsuite name="com.example.task02.Tests" tests="6" skipped="0" failures="0" errors="0" timestamp="2020-12-27T16:30:52" hostname="DESKTOP-UF4O55G" time="0.122">
  <properties/>
  <testcase name="testExample1" classname="com.example.task02.Tests" time="0.071"/>
  <testcase name="testExample2" classname="com.example.task02.Tests" time="0.0"/>
  <testcase name="test10" classname="com.example.task02.Tests" time="0.001"/>
  <testcase name="test12" classname="com.example.task02.Tests" time="0.041"/>
  <testcase name="test16" classname="com.example.task02.Tests" time="0.005"/>
  <testcase name="testBounds" classname="com.example.task02.Tests" time="0.002"/>
  <system-out><![CDATA[]]></system-out>
  <system-err><![CDATA[]]></system-err>
</testsuite>
