<?xml version="1.0" encoding="UTF-8"?>
<testsuite name="com.example.task03.Tests" tests="6" skipped="0" failures="0" errors="0" timestamp="2020-12-27T16:44:46" hostname="DESKTOP-UF4O55G" time="3.234">
  <properties/>
  <testcase name="testExample" classname="com.example.task03.Tests" time="0.895"/>
  <testcase name="testBig" classname="com.example.task03.Tests" time="2.306"/>
  <testcase name="testNPE" classname="com.example.task03.Tests" time="0.027"/>
  <testcase name="testEmpty" classname="com.example.task03.Tests" time="0.001"/>
  <testcase name="testNull" classname="com.example.task03.Tests" time="0.001"/>
  <testcase name="testString" classname="com.example.task03.Tests" time="0.001"/>
  <system-out><![CDATA[]]></system-out>
  <system-err><![CDATA[]]></system-err>
</testsuite>
