<?xml version="1.0" encoding="UTF-8"?>
<testsuite name="com.example.task13.Tests" tests="1" skipped="0" failures="0" errors="0" timestamp="2020-12-26T21:36:01" hostname="DESKTOP-UF4O55G" time="0.008">
  <properties/>
  <testcase name="testSelectionSort" classname="com.example.task13.Tests" time="0.008"/>
  <system-out><![CDATA[]]></system-out>
  <system-err><![CDATA[]]></system-err>
</testsuite>
