<?xml version="1.0" encoding="UTF-8"?>
<testsuite name="com.example.task05.Tests" tests="1" skipped="0" failures="0" errors="0" timestamp="2020-12-27T12:03:26" hostname="DESKTOP-QRP1CHS" time="0.003">
  <properties/>
  <testcase name="testExample1" classname="com.example.task05.Tests" time="0.003"/>
  <system-out><![CDATA[]]></system-out>
  <system-err><![CDATA[]]></system-err>
</testsuite>
