<?xml version="1.0" encoding="UTF-8"?>
<testsuite name="com.example.task01.Tests" tests="3" skipped="0" failures="0" errors="0" timestamp="2020-12-12T17:56:31" hostname="DESKTOP-PI6HUG1" time="0.371">
  <properties/>
  <testcase name="testExample" classname="com.example.task01.Tests" time="0.352"/>
  <testcase name="testNPE" classname="com.example.task01.Tests" time="0.012"/>
  <testcase name="testNull" classname="com.example.task01.Tests" time="0.005"/>
  <system-out><![CDATA[]]></system-out>
  <system-err><![CDATA[]]></system-err>
</testsuite>
