<?xml version="1.0" encoding="UTF-8"?>
<testsuite name="com.example.task03.Tests" tests="1" skipped="0" failures="0" errors="0" timestamp="2020-12-26T11:48:39" hostname="DESKTOP-UF4O55G" time="0.002">
  <properties/>
  <testcase name="testGetNameOfWeekDays" classname="com.example.task03.Tests" time="0.002"/>
  <system-out><![CDATA[]]></system-out>
  <system-err><![CDATA[]]></system-err>
</testsuite>
